<?xml version="1.0" encoding="UTF-8"?>
<!-- Generated by org.testng.reporters.JUnitReportReporter -->
<testsuite hostname="DESKTOP-7K1FGBJ" failures="0" tests="7" name="DataDrivenLoginTest.DataDrivenLoginTest" time="35.390" errors="0" timestamp="2024-10-11T20:33:57 IST" skipped="0">
  <testcase classname="DataDrivenLoginTest.DataDrivenLoginTest" name="loginTest" time="5.391"/>
  <system-out/>
  <testcase classname="DataDrivenLoginTest.DataDrivenLoginTest" name="loginTest" time="8.916"/>
  <system-out/>
  <testcase classname="DataDrivenLoginTest.DataDrivenLoginTest" name="loginTest" time="4.241"/>
  <system-out/>
  <testcase classname="DataDrivenLoginTest.DataDrivenLoginTest" name="loginTest" time="4.200"/>
  <system-out/>
  <testcase classname="DataDrivenLoginTest.DataDrivenLoginTest" name="loginTest" time="4.121"/>
  <system-out/>
  <testcase classname="DataDrivenLoginTest.DataDrivenLoginTest" name="loginTest" time="4.307"/>
  <system-out/>
  <testcase classname="DataDrivenLoginTest.DataDrivenLoginTest" name="loginTest" time="4.214"/>
  <system-out/>
</testsuite> <!-- DataDrivenLoginTest.DataDrivenLoginTest -->
